<?xml version="1.0" encoding="UTF-8"?>
<!-- Generated by org.testng.reporters.JUnitReportReporter -->
<testsuite hostname="Suvendu" failures="0" tests="1" name="Assignment1.Selectable" time="0.625" errors="0" timestamp="2020-05-26T15:45:48 IST" skipped="0">
  <testcase classname="Assignment1.Selectable" name="SelectItems" time="0.625"/>
  <system-out/>
</testsuite> <!-- Assignment1.Selectable -->
